15-12-14 11:40:58 F:../DrcomClient/main.cpp L:30 C:test
15-12-14 11:40:58 Object::connect: No such slot Drcomauthsvr::getReturn()
15-12-14 11:40:58 F:../DrcomClient/drcomauthsvr.cpp L:101 C:export LD_LIBRARY_PATH=$LD_LIBRARY_PATH:/home/john/Desktop/DrClient/
15-12-14 11:41:00 QProcess: Destroyed while process is still running.
15-12-14 11:41:32 F:../DrcomClient/main.cpp L:30 C:test
15-12-14 11:41:32 Object::connect: No such slot Drcomauthsvr::getReturn()
15-12-14 11:41:32 F:../DrcomClient/drcomauthsvr.cpp L:101 C:export LD_LIBRARY_PATH=$LD_LIBRARY_PATH:/home/john/Desktop/DrClient/
15-12-14 11:41:33 F:../DrcomClient/drauthcomm.cpp L:139 C:VER 0.8ldrv1.0(U62.R0)Build(k34.20140925)
15-12-14 11:41:33 F:../DrcomClient/drauthcomm.cpp L:139 C:AUT 00000000
15-12-14 11:41:33 F:../DrcomClient/drauthcomm.cpp L:139 C:SUC 
15-12-14 11:41:33 F:../DrcomClient/drauthcomm.cpp L:139 C:SUC 
15-12-14 11:41:33 F:../DrcomClient/drauthcomm.cpp L:139 C:STM ??????????(202.113.95.244:1)......
15-12-14 11:41:33 F:../DrcomClient/drauthcomm.cpp L:139 C:STM ?????????????202.113.95.244......
15-12-14 11:41:33 F:../DrcomClient/drauthcomm.cpp L:139 C:STM ??????????????......
15-12-14 11:41:33 F:../DrcomClient/drauthcomm.cpp L:139 C:STM ???????????......
15-12-14 11:41:33 F:../DrcomClient/drauthcomm.cpp L:139 C:LGI OK 1207030315 2281811 2717 0 0 Null 10.0.44.62 202.113.95.244 5CF9DD4ADC7F
15-12-14 11:41:33 F:../DrcomClient/updatemanager.cpp L:27 C:/DRCLIENT/UPDATE?TIME=20151214114133&TYPE=0006&KEY=&HASH=&VER=1.0.0.201111111.Q.L.A&RND=516039&CHK=44d1f11d&M=508233b6e98b914f2a6a4561e9d8c939
15-12-14 11:41:33 F:../DrcomClient/drauthcomm.cpp L:139 C:STM ???(????)?????(???):
	?????2228.331 MB
	?????1??21??17????	

15-12-14 11:41:33 F:../DrcomClient/drauthcomm.cpp L:139 C:LGI STM 0 0 0 2717 2281811 0 4294967295 8203949
15-12-14 11:41:35 F:../DrcomClient/drauthcomm.cpp L:139 C:VER 0.8ldrv1.0(U29.R0)Build(k34.20140925)
15-12-14 11:41:37 F:../DrcomClient/updatemanager.cpp L:40 C:SendUpdateRequest Error.
15-12-14 11:41:52 F:../DrcomClient/drauthcomm.cpp L:139 C:LGI STM 19 0 82 2717 2281811 0 4294967295 8203950
15-12-14 11:42:12 F:../DrcomClient/drauthcomm.cpp L:139 C:LGI STM 39 0 90 2717 2281811 0 4294967295 8203950
15-12-14 11:42:32 F:../DrcomClient/drauthcomm.cpp L:139 C:LGI STM 59 0 90 2717 2281811 0 4294967295 8203950
15-12-14 11:42:52 F:../DrcomClient/drauthcomm.cpp L:139 C:LGI STM 79 0 90 2717 2281811 0 4294967295 8203950
15-12-14 11:43:12 F:../DrcomClient/drauthcomm.cpp L:139 C:LGI STM 99 0 91 2717 2281811 0 4294967295 8203950
15-12-14 11:43:32 F:../DrcomClient/drauthcomm.cpp L:139 C:LGI STM 119 0 91 2717 2281811 0 4294967295 8203950
15-12-14 11:43:52 F:../DrcomClient/drauthcomm.cpp L:139 C:LGI STM 139 0 91 2717 2281811 0 4294967295 8203950
15-12-14 11:44:12 F:../DrcomClient/drauthcomm.cpp L:139 C:LGI STM 159 0 91 2717 2281811 0 4294967295 8203950
15-12-14 11:44:32 F:../DrcomClient/drauthcomm.cpp L:139 C:LGI STM 179 0 91 2717 2281811 0 4294967295 8203950
15-12-14 11:44:52 F:../DrcomClient/drauthcomm.cpp L:139 C:LGI STM 199 0 92 2717 2281811 0 4294967295 8203950
15-12-14 11:45:12 F:../DrcomClient/drauthcomm.cpp L:139 C:LGI STM 219 0 94 2717 2281811 0 4294967295 8203950
15-12-14 11:45:32 F:../DrcomClient/drauthcomm.cpp L:139 C:LGI STM 239 0 94 2717 2281811 0 4294967295 8203950
15-12-14 11:45:52 F:../DrcomClient/drauthcomm.cpp L:139 C:LGI STM 259 0 95 2717 2281811 0 4294967295 8203950
15-12-14 11:46:12 F:../DrcomClient/drauthcomm.cpp L:139 C:LGI STM 279 0 95 2717 2281811 0 4294967295 8203950
15-12-14 11:46:32 F:../DrcomClient/drauthcomm.cpp L:139 C:LGI STM 299 0 95 2717 2281811 0 4294967295 8203950
15-12-14 11:46:52 F:../DrcomClient/drauthcomm.cpp L:139 C:LGI STM 319 0 95 2717 2281811 0 4294967295 8203950
15-12-14 11:47:12 F:../DrcomClient/drauthcomm.cpp L:139 C:LGI STM 339 0 95 2717 2281811 0 4294967295 8203950
15-12-14 11:47:32 F:../DrcomClient/drauthcomm.cpp L:139 C:LGI STM 359 0 95 2717 2281811 0 4294967295 8203950
15-12-14 11:47:52 F:../DrcomClient/drauthcomm.cpp L:139 C:LGI STM 379 0 96 2717 2281811 0 4294967295 8203950
15-12-14 11:48:12 F:../DrcomClient/drauthcomm.cpp L:139 C:LGI STM 399 0 96 2717 2281811 0 4294967295 8203950
15-12-14 11:48:32 F:../DrcomClient/drauthcomm.cpp L:139 C:LGI STM 419 0 100 2717 2281811 0 4294967295 8203950
15-12-14 11:48:52 F:../DrcomClient/drauthcomm.cpp L:139 C:LGI STM 439 0 101 2717 2281811 0 4294967295 8203950
15-12-14 11:49:12 F:../DrcomClient/drauthcomm.cpp L:139 C:LGI STM 459 0 101 2717 2281811 0 4294967295 8203950
15-12-14 11:49:32 F:../DrcomClient/drauthcomm.cpp L:139 C:LGI STM 479 0 101 2717 2281811 0 4294967295 8203950
15-12-14 11:49:52 F:../DrcomClient/drauthcomm.cpp L:139 C:LGI STM 499 0 101 2717 2281811 0 4294967295 8203950
15-12-14 11:50:12 F:../DrcomClient/drauthcomm.cpp L:139 C:LGI STM 519 0 101 2717 2281811 0 4294967295 8203950
15-12-14 11:50:32 F:../DrcomClient/drauthcomm.cpp L:139 C:LGI STM 539 0 101 2717 2281811 0 4294967295 8203950
15-12-14 11:50:52 F:../DrcomClient/drauthcomm.cpp L:139 C:LGI STM 559 0 102 2717 2281811 0 4294967295 8203950
15-12-14 11:51:12 F:../DrcomClient/drauthcomm.cpp L:139 C:LGI STM 579 0 102 2717 2281811 0 4294967295 8203950
15-12-14 11:51:32 F:../DrcomClient/drauthcomm.cpp L:139 C:LGI STM 599 0 192 2717 2281811 0 4294967295 8203950
15-12-14 11:51:52 F:../DrcomClient/drauthcomm.cpp L:139 C:LGI STM 619 0 192 2717 2281811 0 4294967295 8203950
15-12-14 11:52:12 F:../DrcomClient/drauthcomm.cpp L:139 C:LGI STM 639 0 192 2717 2281811 0 4294967295 8203950
15-12-14 11:52:32 F:../DrcomClient/drauthcomm.cpp L:139 C:LGI STM 659 0 192 2717 2281811 0 4294967295 8203950
15-12-14 11:52:52 F:../DrcomClient/drauthcomm.cpp L:139 C:LGI STM 679 0 192 2717 2281811 0 4294967295 8203950
15-12-14 11:53:12 F:../DrcomClient/drauthcomm.cpp L:139 C:LGI STM 699 0 193 2717 2281811 0 4294967295 8203950
15-12-14 11:53:32 F:../DrcomClient/drauthcomm.cpp L:139 C:LGI STM 719 0 193 2717 2281811 0 4294967295 8203950
15-12-14 11:53:52 F:../DrcomClient/drauthcomm.cpp L:139 C:LGI STM 739 0 193 2717 2281811 0 4294967295 8203950
15-12-14 11:54:12 F:../DrcomClient/drauthcomm.cpp L:139 C:LGI STM 759 0 193 2717 2281811 0 4294967295 8203950
15-12-14 11:54:32 F:../DrcomClient/drauthcomm.cpp L:139 C:LGI STM 779 0 193 2717 2281811 0 4294967295 8203950
15-12-14 11:54:52 F:../DrcomClient/drauthcomm.cpp L:139 C:LGI STM 799 0 194 2717 2281811 0 4294967295 8203950
15-12-14 11:55:12 F:../DrcomClient/drauthcomm.cpp L:139 C:LGI STM 819 0 194 2717 2281811 0 4294967295 8203950
15-12-14 11:55:32 F:../DrcomClient/drauthcomm.cpp L:139 C:LGI STM 839 0 194 2717 2281811 0 4294967295 8203950
15-12-14 11:55:52 F:../DrcomClient/drauthcomm.cpp L:139 C:LGI STM 859 0 194 2717 2281811 0 4294967295 8203950
15-12-14 11:56:12 F:../DrcomClient/drauthcomm.cpp L:139 C:LGI STM 879 0 194 2717 2281811 0 4294967295 8203950
15-12-14 11:56:32 F:../DrcomClient/drauthcomm.cpp L:139 C:LGI STM 899 0 194 2717 2281811 0 4294967295 8203950
15-12-14 11:56:52 F:../DrcomClient/drauthcomm.cpp L:139 C:LGI STM 919 0 195 2717 2281811 0 4294967295 8203950
15-12-14 11:57:12 F:../DrcomClient/drauthcomm.cpp L:139 C:LGI STM 939 0 196 2717 2281811 0 4294967295 8203950
15-12-14 11:57:32 F:../DrcomClient/drauthcomm.cpp L:139 C:LGI STM 959 0 196 2717 2281811 0 4294967295 8203950
15-12-14 11:57:52 F:../DrcomClient/drauthcomm.cpp L:139 C:LGI STM 979 0 196 2717 2281811 0 4294967295 8203950
15-12-14 11:58:12 F:../DrcomClient/drauthcomm.cpp L:139 C:LGI STM 999 0 198 2717 2281811 0 4294967295 8203950
15-12-14 11:58:32 F:../DrcomClient/drauthcomm.cpp L:139 C:LGI STM 1019 0 202 2717 2281811 0 4294967295 8203950
15-12-14 11:58:52 F:../DrcomClient/drauthcomm.cpp L:139 C:LGI STM 1039 0 202 2717 2281811 0 4294967295 8203950
15-12-14 11:59:09 DrClientLinux: Fatal IO error: client killed
